Initilaising variables...
Length of training data: 740501
Epoch: 0 | Percentage correct: 34.8823 % | Total loss: 15663.534010648727 | Time taken: 18.77168 |
Epoch: 1 | Percentage correct: 47.9119 % | Total loss: 11278.25537455082 | Time taken: 18.68114 |
Epoch: 2 | Percentage correct: 50.9308 % | Total loss: 10514.871498644352 | Time taken: 18.73877 |
Epoch: 3 | Percentage correct: 52.9077 % | Total loss: 10092.48189598322 | Time taken: 18.70156 |
Epoch: 4 | Percentage correct: 54.2565 % | Total loss: 9779.104369342327 | Time taken: 18.70497 |
Epoch: 5 | Percentage correct: 55.8137 % | Total loss: 9426.517220079899 | Time taken: 18.71692 |
Epoch: 6 | Percentage correct: 56.9386 % | Total loss: 9176.286607265472 | Time taken: 18.73428 |
Epoch: 7 | Percentage correct: 57.9725 % | Total loss: 8955.73416030407 | Time taken: 18.7224 |
Epoch: 8 | Percentage correct: 59.1893 % | Total loss: 8709.151509940624 | Time taken: 18.71803 |
Epoch: 9 | Percentage correct: 59.9802 % | Total loss: 8528.253099679947 | Time taken: 18.74191 |
Epoch: 10 | Percentage correct: 60.7161 % | Total loss: 8366.915492415428 | Time taken: 18.68771 |
Epoch: 11 | Percentage correct: 61.7263 % | Total loss: 8149.8429825901985 | Time taken: 18.74936 |
Epoch: 12 | Percentage correct: 62.5494 % | Total loss: 7990.511985361576 | Time taken: 18.73798 |
Epoch: 13 | Percentage correct: 63.1007 % | Total loss: 7878.4881754517555 | Time taken: 18.71138 |
Epoch: 14 | Percentage correct: 64.0041 % | Total loss: 7686.174322605133 | Time taken: 18.69538 |
Epoch: 15 | Percentage correct: 64.6527 % | Total loss: 7546.463539421558 | Time taken: 18.75382 |
Epoch: 16 | Percentage correct: 65.1298 % | Total loss: 7450.411035060883 | Time taken: 18.74722 |
Epoch: 17 | Percentage correct: 65.5393 % | Total loss: 7356.034523427486 | Time taken: 18.70804 |
Epoch: 18 | Percentage correct: 66.1393 % | Total loss: 7233.509876012802 | Time taken: 18.70562 |
Epoch: 19 | Percentage correct: 66.5933 % | Total loss: 7146.392029464245 | Time taken: 18.73015 |
Epoch: 20 | Percentage correct: 66.9412 % | Total loss: 7063.114170789719 | Time taken: 18.72212 |
Epoch: 21 | Percentage correct: 67.3589 % | Total loss: 6982.663545668125 | Time taken: 18.69843 |
Epoch: 22 | Percentage correct: 67.02 % | Total loss: 7072.359269082546 | Time taken: 18.76429 |
Epoch: 23 | Percentage correct: 67.8951 % | Total loss: 6884.21348464489 | Time taken: 18.69521 |
Epoch: 24 | Percentage correct: 68.1034 % | Total loss: 6844.210872799158 | Time taken: 18.72843 |
Testing results:
 Number of correctly guessed moves: 18873 
 Percentage correct: 48.42
