Initilaising variables...
Length of training data: 740501
Epoch: 0 | Percentage correct: 35.6128 % | Total loss: 15448.875694513321 | Time taken: 18.76981 |
Epoch: 1 | Percentage correct: 48.6671 % | Total loss: 10973.814915776253 | Time taken: 18.69696 |
Epoch: 2 | Percentage correct: 51.9296 % | Total loss: 10191.693150043488 | Time taken: 18.68098 |
Epoch: 3 | Percentage correct: 53.8222 % | Total loss: 9743.889417171478 | Time taken: 18.68954 |
Epoch: 4 | Percentage correct: 55.4314 % | Total loss: 9370.221709668636 | Time taken: 18.74354 |
Epoch: 5 | Percentage correct: 56.7229 % | Total loss: 9089.095507979393 | Time taken: 18.69088 |
Epoch: 6 | Percentage correct: 57.7776 % | Total loss: 8873.129679560661 | Time taken: 18.71797 |
Epoch: 7 | Percentage correct: 58.9602 % | Total loss: 8619.028550744057 | Time taken: 18.76778 |
Epoch: 8 | Percentage correct: 59.7682 % | Total loss: 8426.653902471066 | Time taken: 18.74758 |
Epoch: 9 | Percentage correct: 60.6465 % | Total loss: 8231.11973029375 | Time taken: 18.7251 |
Epoch: 10 | Percentage correct: 61.5192 % | Total loss: 8058.870675623417 | Time taken: 18.76012 |
Epoch: 11 | Percentage correct: 62.463 % | Total loss: 7842.809776186943 | Time taken: 18.69294 |
Epoch: 12 | Percentage correct: 62.8743 % | Total loss: 7772.486068844795 | Time taken: 18.77276 |
Epoch: 13 | Percentage correct: 63.8781 % | Total loss: 7545.550028562546 | Time taken: 18.70691 |
Epoch: 14 | Percentage correct: 64.6605 % | Total loss: 7369.7913272976875 | Time taken: 18.76491 |
Epoch: 15 | Percentage correct: 65.3042 % | Total loss: 7239.938267707825 | Time taken: 18.68432 |
Epoch: 16 | Percentage correct: 65.9165 % | Total loss: 7114.4256529212 | Time taken: 18.73162 |
Epoch: 17 | Percentage correct: 66.4041 % | Total loss: 7007.831006228924 | Time taken: 18.72654 |
Epoch: 18 | Percentage correct: 66.331 % | Total loss: 7053.79706299305 | Time taken: 18.73248 |
Epoch: 19 | Percentage correct: 66.7501 % | Total loss: 6963.846233248711 | Time taken: 18.72531 |
Epoch: 20 | Percentage correct: 67.6543 % | Total loss: 6770.264140099287 | Time taken: 18.72038 |
Epoch: 21 | Percentage correct: 68.0087 % | Total loss: 6695.574244886637 | Time taken: 18.72929 |
Epoch: 22 | Percentage correct: 66.9784 % | Total loss: 6944.689415872097 | Time taken: 18.73451 |
Epoch: 23 | Percentage correct: 67.8389 % | Total loss: 6741.849777817726 | Time taken: 18.70083 |
Epoch: 24 | Percentage correct: 68.6904 % | Total loss: 6558.558922499418 | Time taken: 18.77182 |
Testing results:
 Number of correctly guessed moves: 19613 
 Percentage correct: 50.32
Saving model...
